{"/Users/carson/Code/js/playground/melody-counter/.cache/jest-webpack/src/counter/index.js": {"path":"/Users/carson/Code/js/playground/melody-counter/.cache/jest-webpack/src/counter/index.js","statementMap":{"0":{"start":{"line":1,"column":0},"end":{"line":171,"column":12}},"1":{"start":{"line":4,"column":33},"end":{"line":4,"column":35}},"2":{"start":{"line":10,"column":11},"end":{"line":12,"column":12}},"3":{"start":{"line":11,"column":12},"end":{"line":11,"column":54}},"4":{"start":{"line":14,"column":24},"end":{"line":18,"column":12}},"5":{"start":{"line":21,"column":11},"end":{"line":21,"column":95}},"6":{"start":{"line":24,"column":11},"end":{"line":24,"column":27}},"7":{"start":{"line":27,"column":11},"end":{"line":27,"column":33}},"8":{"start":{"line":32,"column":10},"end":{"line":32,"column":42}},"9":{"start":{"line":35,"column":10},"end":{"line":35,"column":51}},"10":{"start":{"line":38,"column":10},"end":{"line":46,"column":12}},"11":{"start":{"line":39,"column":11},"end":{"line":45,"column":12}},"12":{"start":{"line":40,"column":12},"end":{"line":44,"column":15}},"13":{"start":{"line":49,"column":10},"end":{"line":55,"column":12}},"14":{"start":{"line":50,"column":24},"end":{"line":52,"column":58}},"15":{"start":{"line":51,"column":36},"end":{"line":51,"column":61}},"16":{"start":{"line":52,"column":42},"end":{"line":52,"column":56}},"17":{"start":{"line":53,"column":11},"end":{"line":53,"column":54}},"18":{"start":{"line":54,"column":11},"end":{"line":54,"column":25}},"19":{"start":{"line":58,"column":10},"end":{"line":58,"column":128}},"20":{"start":{"line":58,"column":63},"end":{"line":58,"column":125}},"21":{"start":{"line":61,"column":10},"end":{"line":61,"column":37}},"22":{"start":{"line":64,"column":10},"end":{"line":64,"column":64}},"23":{"start":{"line":71,"column":0},"end":{"line":73,"column":2}},"24":{"start":{"line":72,"column":58},"end":{"line":72,"column":90}},"25":{"start":{"line":80,"column":0},"end":{"line":80,"column":125}},"26":{"start":{"line":86,"column":0},"end":{"line":86,"column":119}},"27":{"start":{"line":92,"column":0},"end":{"line":92,"column":87}},"28":{"start":{"line":101,"column":0},"end":{"line":103,"column":3}},"29":{"start":{"line":105,"column":15},"end":{"line":105,"column":256}},"30":{"start":{"line":105,"column":52},"end":{"line":105,"column":239}},"31":{"start":{"line":105,"column":110},"end":{"line":105,"column":122}},"32":{"start":{"line":105,"column":124},"end":{"line":105,"column":237}},"33":{"start":{"line":105,"column":150},"end":{"line":105,"column":235}},"34":{"start":{"line":105,"column":207},"end":{"line":105,"column":233}},"35":{"start":{"line":105,"column":240},"end":{"line":105,"column":254}},"36":{"start":{"line":107,"column":23},"end":{"line":107,"column":45}},"37":{"start":{"line":109,"column":17},"end":{"line":109,"column":39}},"38":{"start":{"line":111,"column":13},"end":{"line":111,"column":35}},"39":{"start":{"line":113,"column":14},"end":{"line":113,"column":44}},"40":{"start":{"line":115,"column":39},"end":{"line":115,"column":93}},"41":{"start":{"line":117,"column":19},"end":{"line":117,"column":31}},"42":{"start":{"line":119,"column":10},"end":{"line":119,"column":15}},"43":{"start":{"line":120,"column":10},"end":{"line":120,"column":15}},"44":{"start":{"line":122,"column":22},"end":{"line":124,"column":1}},"45":{"start":{"line":123,"column":2},"end":{"line":123,"column":23}},"46":{"start":{"line":125,"column":22},"end":{"line":127,"column":1}},"47":{"start":{"line":126,"column":2},"end":{"line":126,"column":23}},"48":{"start":{"line":129,"column":19},"end":{"line":147,"column":1}},"49":{"start":{"line":130,"column":14},"end":{"line":130,"column":94}},"50":{"start":{"line":131,"column":15},"end":{"line":131,"column":27}},"51":{"start":{"line":133,"column":2},"end":{"line":145,"column":3}},"52":{"start":{"line":135,"column":6},"end":{"line":135,"column":49}},"53":{"start":{"line":137,"column":6},"end":{"line":139,"column":9}},"54":{"start":{"line":142,"column":6},"end":{"line":144,"column":9}},"55":{"start":{"line":146,"column":2},"end":{"line":146,"column":15}},"56":{"start":{"line":149,"column":24},"end":{"line":164,"column":2}},"57":{"start":{"line":152,"column":21},"end":{"line":152,"column":34}},"58":{"start":{"line":154,"column":6},"end":{"line":154,"column":34}},"59":{"start":{"line":159,"column":21},"end":{"line":159,"column":35}},"60":{"start":{"line":161,"column":6},"end":{"line":161,"column":34}},"61":{"start":{"line":166,"column":16},"end":{"line":166,"column":84}},"62":{"start":{"line":168,"column":0},"end":{"line":168,"column":47}}},"fnMap":{"0":{"name":"(anonymous_0)","decl":{"start":{"line":2,"column":10},"end":{"line":2,"column":11}},"loc":{"start":{"line":2,"column":28},"end":{"line":65,"column":10}},"line":2},"1":{"name":"__webpack_require__","decl":{"start":{"line":7,"column":19},"end":{"line":7,"column":38}},"loc":{"start":{"line":7,"column":49},"end":{"line":28,"column":11}},"line":7},"2":{"name":"(anonymous_2)","decl":{"start":{"line":38,"column":34},"end":{"line":38,"column":35}},"loc":{"start":{"line":38,"column":66},"end":{"line":46,"column":11}},"line":38},"3":{"name":"(anonymous_3)","decl":{"start":{"line":49,"column":34},"end":{"line":49,"column":35}},"loc":{"start":{"line":49,"column":51},"end":{"line":55,"column":11}},"line":49},"4":{"name":"getDefault","decl":{"start":{"line":51,"column":21},"end":{"line":51,"column":31}},"loc":{"start":{"line":51,"column":34},"end":{"line":51,"column":63}},"line":51},"5":{"name":"getModuleExports","decl":{"start":{"line":52,"column":21},"end":{"line":52,"column":37}},"loc":{"start":{"line":52,"column":40},"end":{"line":52,"column":58}},"line":52},"6":{"name":"(anonymous_6)","decl":{"start":{"line":58,"column":34},"end":{"line":58,"column":35}},"loc":{"start":{"line":58,"column":61},"end":{"line":58,"column":127}},"line":58},"7":{"name":"(anonymous_7)","decl":{"start":{"line":69,"column":7},"end":{"line":69,"column":8}},"loc":{"start":{"line":69,"column":54},"end":{"line":76,"column":7}},"line":69},"8":{"name":"(anonymous_8)","decl":{"start":{"line":72,"column":46},"end":{"line":72,"column":47}},"loc":{"start":{"line":72,"column":57},"end":{"line":72,"column":91}},"line":72},"9":{"name":"(anonymous_9)","decl":{"start":{"line":78,"column":7},"end":{"line":78,"column":8}},"loc":{"start":{"line":78,"column":33},"end":{"line":82,"column":7}},"line":78},"10":{"name":"(anonymous_10)","decl":{"start":{"line":84,"column":7},"end":{"line":84,"column":8}},"loc":{"start":{"line":84,"column":33},"end":{"line":88,"column":7}},"line":84},"11":{"name":"(anonymous_11)","decl":{"start":{"line":90,"column":7},"end":{"line":90,"column":8}},"loc":{"start":{"line":90,"column":33},"end":{"line":94,"column":7}},"line":90},"12":{"name":"(anonymous_12)","decl":{"start":{"line":96,"column":7},"end":{"line":96,"column":8}},"loc":{"start":{"line":96,"column":54},"end":{"line":170,"column":7}},"line":96},"13":{"name":"(anonymous_13)","decl":{"start":{"line":105,"column":32},"end":{"line":105,"column":33}},"loc":{"start":{"line":105,"column":50},"end":{"line":105,"column":256}},"line":105},"14":{"name":"_interopRequireDefault","decl":{"start":{"line":115,"column":9},"end":{"line":115,"column":31}},"loc":{"start":{"line":115,"column":37},"end":{"line":115,"column":95}},"line":115},"15":{"name":"increaseCounter","decl":{"start":{"line":122,"column":31},"end":{"line":122,"column":46}},"loc":{"start":{"line":122,"column":49},"end":{"line":124,"column":1}},"line":122},"16":{"name":"decreaseCounter","decl":{"start":{"line":125,"column":31},"end":{"line":125,"column":46}},"loc":{"start":{"line":125,"column":49},"end":{"line":127,"column":1}},"line":125},"17":{"name":"stateReducer","decl":{"start":{"line":129,"column":28},"end":{"line":129,"column":40}},"loc":{"start":{"line":129,"column":43},"end":{"line":147,"column":1}},"line":129},"18":{"name":"click","decl":{"start":{"line":151,"column":20},"end":{"line":151,"column":25}},"loc":{"start":{"line":151,"column":39},"end":{"line":155,"column":5}},"line":151},"19":{"name":"click","decl":{"start":{"line":158,"column":20},"end":{"line":158,"column":25}},"loc":{"start":{"line":158,"column":40},"end":{"line":162,"column":5}},"line":158}},"branchMap":{"0":{"loc":{"start":{"line":10,"column":11},"end":{"line":12,"column":12}},"type":"if","locations":[{"start":{"line":10,"column":11},"end":{"line":12,"column":12}},{"start":{"line":10,"column":11},"end":{"line":12,"column":12}}],"line":10},"1":{"loc":{"start":{"line":39,"column":11},"end":{"line":45,"column":12}},"type":"if","locations":[{"start":{"line":39,"column":11},"end":{"line":45,"column":12}},{"start":{"line":39,"column":11},"end":{"line":45,"column":12}}],"line":39},"2":{"loc":{"start":{"line":50,"column":24},"end":{"line":52,"column":58}},"type":"cond-expr","locations":[{"start":{"line":51,"column":12},"end":{"line":51,"column":63}},{"start":{"line":52,"column":12},"end":{"line":52,"column":58}}],"line":50},"3":{"loc":{"start":{"line":50,"column":24},"end":{"line":50,"column":51}},"type":"binary-expr","locations":[{"start":{"line":50,"column":24},"end":{"line":50,"column":30}},{"start":{"line":50,"column":34},"end":{"line":50,"column":51}}],"line":50},"4":{"loc":{"start":{"line":105,"column":15},"end":{"line":105,"column":256}},"type":"binary-expr","locations":[{"start":{"line":105,"column":15},"end":{"line":105,"column":28}},{"start":{"line":105,"column":32},"end":{"line":105,"column":256}}],"line":105},"5":{"loc":{"start":{"line":105,"column":150},"end":{"line":105,"column":235}},"type":"if","locations":[{"start":{"line":105,"column":150},"end":{"line":105,"column":235}},{"start":{"line":105,"column":150},"end":{"line":105,"column":235}}],"line":105},"6":{"loc":{"start":{"line":115,"column":46},"end":{"line":115,"column":92}},"type":"cond-expr","locations":[{"start":{"line":115,"column":70},"end":{"line":115,"column":73}},{"start":{"line":115,"column":76},"end":{"line":115,"column":92}}],"line":115},"7":{"loc":{"start":{"line":115,"column":46},"end":{"line":115,"column":67}},"type":"binary-expr","locations":[{"start":{"line":115,"column":46},"end":{"line":115,"column":49}},{"start":{"line":115,"column":53},"end":{"line":115,"column":67}}],"line":115},"8":{"loc":{"start":{"line":130,"column":14},"end":{"line":130,"column":94}},"type":"cond-expr","locations":[{"start":{"line":130,"column":67},"end":{"line":130,"column":79}},{"start":{"line":130,"column":82},"end":{"line":130,"column":94}}],"line":130},"9":{"loc":{"start":{"line":130,"column":14},"end":{"line":130,"column":64}},"type":"binary-expr","locations":[{"start":{"line":130,"column":14},"end":{"line":130,"column":34}},{"start":{"line":130,"column":38},"end":{"line":130,"column":64}}],"line":130},"10":{"loc":{"start":{"line":133,"column":2},"end":{"line":145,"column":3}},"type":"switch","locations":[{"start":{"line":134,"column":4},"end":{"line":135,"column":49}},{"start":{"line":136,"column":4},"end":{"line":139,"column":9}},{"start":{"line":141,"column":4},"end":{"line":144,"column":9}}],"line":133}},"s":{"0":1,"1":1,"2":5,"3":0,"4":5,"5":5,"6":5,"7":5,"8":1,"9":1,"10":1,"11":0,"12":0,"13":1,"14":0,"15":0,"16":0,"17":0,"18":0,"19":1,"20":0,"21":1,"22":1,"23":1,"24":1,"25":1,"26":1,"27":1,"28":1,"29":1,"30":0,"31":0,"32":0,"33":0,"34":0,"35":0,"36":1,"37":1,"38":1,"39":1,"40":1,"41":1,"42":1,"43":1,"44":1,"45":1,"46":1,"47":1,"48":1,"49":8,"50":8,"51":8,"52":3,"53":1,"54":1,"55":3,"56":1,"57":1,"58":1,"59":1,"60":1,"61":1,"62":1},"f":{"0":1,"1":5,"2":0,"3":0,"4":0,"5":0,"6":0,"7":1,"8":1,"9":1,"10":1,"11":1,"12":1,"13":0,"14":1,"15":1,"16":1,"17":8,"18":1,"19":1},"b":{"0":[0,5],"1":[0,0],"2":[0,0],"3":[0,0],"4":[1,0],"5":[0,0],"6":[1,0],"7":[1,1],"8":[5,3],"9":[8,8],"10":[3,1,1]},"_coverageSchema":"332fd63041d2c1bcb487cc26dd0d5f7d97098a6c","hash":"ed58680b0c3cea2c978b6afaf1d355145b97c8de"}
}
