TN:
SF:/Users/carson/Code/js/playground/melody-counter/.cache/jest-webpack/src/counter/index.js
FN:2,(anonymous_0)
FN:7,__webpack_require__
FN:38,(anonymous_2)
FN:49,(anonymous_3)
FN:51,getDefault
FN:52,getModuleExports
FN:58,(anonymous_6)
FN:69,(anonymous_7)
FN:72,(anonymous_8)
FN:78,(anonymous_9)
FN:84,(anonymous_10)
FN:90,(anonymous_11)
FN:96,(anonymous_12)
FN:105,(anonymous_13)
FN:115,_interopRequireDefault
FN:122,increaseCounter
FN:125,decreaseCounter
FN:129,stateReducer
FN:151,click
FN:158,click
FNF:20
FNH:14
FNDA:1,(anonymous_0)
FNDA:5,__webpack_require__
FNDA:0,(anonymous_2)
FNDA:0,(anonymous_3)
FNDA:0,getDefault
FNDA:0,getModuleExports
FNDA:0,(anonymous_6)
FNDA:1,(anonymous_7)
FNDA:1,(anonymous_8)
FNDA:1,(anonymous_9)
FNDA:1,(anonymous_10)
FNDA:1,(anonymous_11)
FNDA:1,(anonymous_12)
FNDA:0,(anonymous_13)
FNDA:1,_interopRequireDefault
FNDA:1,increaseCounter
FNDA:1,decreaseCounter
FNDA:8,stateReducer
FNDA:1,click
FNDA:1,click
DA:1,1
DA:4,1
DA:10,5
DA:11,0
DA:14,5
DA:21,5
DA:24,5
DA:27,5
DA:32,1
DA:35,1
DA:38,1
DA:39,0
DA:40,0
DA:49,1
DA:50,0
DA:51,0
DA:52,0
DA:53,0
DA:54,0
DA:58,1
DA:61,1
DA:64,1
DA:71,1
DA:72,1
DA:80,1
DA:86,1
DA:92,1
DA:101,1
DA:105,1
DA:107,1
DA:109,1
DA:111,1
DA:113,1
DA:115,1
DA:117,1
DA:119,1
DA:120,1
DA:122,1
DA:123,1
DA:125,1
DA:126,1
DA:129,1
DA:130,8
DA:131,8
DA:133,8
DA:135,3
DA:137,1
DA:142,1
DA:146,3
DA:149,1
DA:152,1
DA:154,1
DA:159,1
DA:161,1
DA:166,1
DA:168,1
LF:56
LH:48
BRDA:10,0,0,0
BRDA:10,0,1,5
BRDA:39,1,0,0
BRDA:39,1,1,0
BRDA:50,2,0,0
BRDA:50,2,1,0
BRDA:50,3,0,0
BRDA:50,3,1,0
BRDA:105,4,0,1
BRDA:105,4,1,0
BRDA:105,5,0,0
BRDA:105,5,1,0
BRDA:115,6,0,1
BRDA:115,6,1,0
BRDA:115,7,0,1
BRDA:115,7,1,1
BRDA:130,8,0,5
BRDA:130,8,1,3
BRDA:130,9,0,8
BRDA:130,9,1,8
BRDA:133,10,0,3
BRDA:133,10,1,1
BRDA:133,10,2,1
BRF:23
BRH:12
end_of_record
